MySQL connected successfully.
Server running on port 4000
[2026-05-25T20:12:29.649Z] POST /api/auth/login
[2026-05-25T20:12:59.682Z] GET /api/page-seo
[2026-05-25T20:12:59.961Z] GET /api/page-seo
[2026-05-25T20:13:04.063Z] GET /api/page-seo
[2026-05-25T20:13:04.114Z] GET /api/page-seo
[2026-05-25T20:16:56.223Z] GET /api/page-seo
[2026-05-25T20:16:56.228Z] GET /api/page-seo
[2026-05-25T20:18:00.047Z] POST /api/auth/login
[2026-05-25T20:18:00.634Z] GET /api/page-seo
[2026-05-25T20:18:00.705Z] GET /api/auth/me
[2026-05-25T20:18:00.719Z] GET /api/auth/me
[2026-05-25T20:18:00.834Z] GET /api/dashboard/posts
[2026-05-25T20:18:01.343Z] GET /api/dashboard/posts
[2026-05-25T20:18:11.326Z] GET /api/auth/me
[2026-05-25T20:18:11.336Z] GET /api/auth/me
[2026-05-25T20:18:11.446Z] GET /api/dashboard/posts
[2026-05-25T20:18:11.497Z] GET /api/dashboard/posts
[2026-05-25T20:18:18.804Z] GET /api/page-seo
[2026-05-25T20:18:18.811Z] GET /api/page-seo
[2026-05-25T20:18:19.060Z] GET /api/page-seo
[2026-05-25T20:18:24.059Z] POST /api/auth/login
[2026-05-25T20:18:24.612Z] GET /api/page-seo
[2026-05-25T20:18:24.622Z] GET /api/auth/me
[2026-05-25T20:18:24.630Z] GET /api/auth/me
[2026-05-25T20:18:24.686Z] GET /api/leads/project-requests
[2026-05-25T20:18:24.689Z] GET /api/leads/contact-leads
[2026-05-25T20:18:24.691Z] GET /api/leads/newsletter-subscribers
[2026-05-25T20:18:24.715Z] GET /api/leads/contact-leads
[2026-05-25T20:18:24.717Z] GET /api/leads/project-requests
[2026-05-25T20:18:24.718Z] GET /api/leads/newsletter-subscribers
[2026-05-25T20:18:31.398Z] GET /api/page-seo
[2026-05-25T20:18:31.430Z] GET /api/auth/me
[2026-05-25T20:18:37.762Z] GET /api/page-seo
[2026-05-25T20:18:37.765Z] GET /api/leads/project-requests
[2026-05-25T20:18:37.767Z] GET /api/leads/contact-leads
[2026-05-25T20:18:37.769Z] GET /api/leads/newsletter-subscribers
[2026-05-25T20:18:37.778Z] GET /api/leads/contact-leads
[2026-05-25T20:18:37.779Z] GET /api/leads/newsletter-subscribers
[2026-05-25T20:18:37.780Z] GET /api/leads/project-requests
[2026-05-25T20:18:37.782Z] GET /api/auth/me
[2026-05-25T20:18:37.809Z] GET /api/leads/project-requests
[2026-05-25T20:18:37.811Z] GET /api/leads/contact-leads
[2026-05-25T20:18:37.812Z] GET /api/leads/newsletter-subscribers
[2026-05-25T20:18:37.819Z] GET /api/leads/project-requests
[2026-05-25T20:18:37.821Z] GET /api/leads/contact-leads
[2026-05-25T20:18:37.822Z] GET /api/leads/newsletter-subscribers
[2026-05-25T20:21:30.515Z] GET /api/page-seo
[2026-05-25T20:21:30.520Z] GET /api/page-seo
[2026-05-25T20:21:34.151Z] GET /api/page-seo
[2026-05-25T20:21:34.155Z] GET /api/page-seo
[2026-05-25T20:21:35.123Z] GET /api/page-seo
[2026-05-25T20:21:35.132Z] GET /api/page-seo
[2026-05-25T20:21:36.032Z] GET /api/page-seo
[2026-05-25T20:21:36.039Z] GET /api/page-seo
[2026-05-25T20:21:36.638Z] GET /api/page-seo
[2026-05-25T20:21:36.642Z] GET /api/page-seo
[2026-05-25T20:21:42.366Z] GET /api/page-seo
[2026-05-25T20:21:42.370Z] GET /api/page-seo
[2026-05-25T20:21:43.152Z] GET /api/page-seo
[2026-05-25T20:21:43.156Z] GET /api/page-seo
[2026-05-25T20:22:00.353Z] POST /api/auth/login
[2026-05-25T20:22:00.944Z] GET /api/page-seo
[2026-05-25T20:22:00.952Z] GET /api/auth/me
[2026-05-25T20:22:00.957Z] GET /api/auth/me
[2026-05-25T20:22:01.010Z] GET /api/leads/project-requests
[2026-05-25T20:22:01.012Z] GET /api/leads/contact-leads
[2026-05-25T20:22:01.013Z] GET /api/leads/newsletter-subscribers
[2026-05-25T20:22:01.017Z] GET /api/leads/project-requests
[2026-05-25T20:22:01.018Z] GET /api/leads/contact-leads
[2026-05-25T20:22:01.021Z] GET /api/leads/newsletter-subscribers
[2026-05-25T20:22:02.449Z] GET /api/page-seo
[2026-05-25T20:22:02.552Z] GET /api/auth/me
[2026-05-25T20:22:07.581Z] GET /api/page-seo
[2026-05-25T20:22:07.583Z] GET /api/leads/project-requests
[2026-05-25T20:22:07.585Z] GET /api/leads/contact-leads
[2026-05-25T20:22:07.586Z] GET /api/leads/newsletter-subscribers
[2026-05-25T20:22:07.587Z] GET /api/auth/me
[2026-05-25T20:22:07.594Z] GET /api/leads/project-requests
[2026-05-25T20:22:07.596Z] GET /api/leads/contact-leads
[2026-05-25T20:22:07.597Z] GET /api/leads/newsletter-subscribers
[2026-05-25T20:22:07.623Z] GET /api/leads/project-requests
[2026-05-25T20:22:07.624Z] GET /api/leads/contact-leads
[2026-05-25T20:22:07.625Z] GET /api/leads/newsletter-subscribers
[2026-05-25T20:22:07.629Z] GET /api/leads/project-requests
[2026-05-25T20:22:07.630Z] GET /api/leads/contact-leads
[2026-05-25T20:22:07.631Z] GET /api/leads/newsletter-subscribers
[2026-05-25T20:22:08.475Z] GET /api/page-seo
[2026-05-25T20:22:08.476Z] GET /api/dashboard/posts
[2026-05-25T20:22:08.477Z] GET /api/auth/me
[2026-05-25T20:22:08.516Z] GET /api/dashboard/posts
[2026-05-25T20:22:08.555Z] GET /api/dashboard/posts
[2026-05-25T20:22:08.593Z] GET /api/dashboard/posts
[2026-05-25T20:22:09.210Z] GET /api/page-seo
[2026-05-25T20:22:09.211Z] GET /api/dashboard/posts
[2026-05-25T20:22:09.212Z] GET /api/auth/me
[2026-05-25T20:22:09.250Z] GET /api/dashboard/posts
[2026-05-25T20:22:09.273Z] GET /api/dashboard/posts
[2026-05-25T20:22:09.296Z] GET /api/dashboard/posts
[2026-05-25T20:22:10.005Z] GET /api/page-seo
[2026-05-25T20:22:10.006Z] GET /api/dashboard/posts
[2026-05-25T20:22:10.007Z] GET /api/auth/me
[2026-05-25T20:22:10.051Z] GET /api/dashboard/posts
[2026-05-25T20:22:10.073Z] GET /api/dashboard/posts
[2026-05-25T20:22:10.096Z] GET /api/dashboard/posts
[2026-05-25T20:22:12.830Z] GET /api/page-seo
[2026-05-25T20:22:12.831Z] GET /api/page-seo
[2026-05-25T20:22:12.832Z] GET /api/dashboard/posts
[2026-05-25T20:22:12.836Z] GET /api/auth/me
[2026-05-25T20:22:12.842Z] GET /api/page-seo
[2026-05-25T20:22:12.868Z] GET /api/dashboard/posts
[2026-05-25T20:22:12.904Z] GET /api/page-seo
[2026-05-25T20:22:12.906Z] GET /api/dashboard/posts
[2026-05-25T20:22:12.917Z] GET /api/page-seo
[2026-05-25T20:22:12.943Z] GET /api/dashboard/posts
[2026-05-25T20:22:14.795Z] GET /api/page-seo
[2026-05-25T20:22:14.797Z] GET /api/career/jobs
[2026-05-25T20:22:14.798Z] GET /api/career/applications
[2026-05-25T20:22:14.801Z] GET /api/auth/me
[2026-05-25T20:22:14.820Z] GET /api/career/jobs
[2026-05-25T20:22:14.821Z] GET /api/career/applications
[2026-05-25T20:22:14.841Z] GET /api/career/jobs
[2026-05-25T20:22:14.842Z] GET /api/career/applications
[2026-05-25T20:22:14.846Z] GET /api/career/jobs
[2026-05-25T20:22:14.847Z] GET /api/career/applications
[2026-05-25T20:22:16.851Z] GET /api/page-seo
[2026-05-25T20:22:16.853Z] GET /api/auth/me
[2026-05-25T20:22:17.315Z] GET /api/page-seo
[2026-05-25T20:22:17.317Z] GET /api/auth/me
[2026-05-25T20:22:18.845Z] GET /api/page-seo
[2026-05-25T20:22:18.846Z] GET /api/auth/me
[2026-05-25T20:22:19.392Z] GET /api/page-seo
[2026-05-25T20:22:19.393Z] GET /api/career/jobs
[2026-05-25T20:22:19.394Z] GET /api/career/applications
[2026-05-25T20:22:19.395Z] GET /api/auth/me
[2026-05-25T20:22:19.404Z] GET /api/career/jobs
[2026-05-25T20:22:19.405Z] GET /api/career/applications
[2026-05-25T20:22:19.427Z] GET /api/career/jobs
[2026-05-25T20:22:19.428Z] GET /api/career/applications
[2026-05-25T20:22:19.432Z] GET /api/career/jobs
[2026-05-25T20:22:19.433Z] GET /api/career/applications
[2026-05-25T20:22:19.846Z] GET /api/page-seo
[2026-05-25T20:22:19.847Z] GET /api/dashboard/posts
[2026-05-25T20:22:19.849Z] GET /api/page-seo
[2026-05-25T20:22:19.850Z] GET /api/auth/me
[2026-05-25T20:22:19.862Z] GET /api/page-seo
[2026-05-25T20:22:19.895Z] GET /api/dashboard/posts
[2026-05-25T20:22:19.922Z] GET /api/page-seo
[2026-05-25T20:22:19.923Z] GET /api/dashboard/posts
[2026-05-25T20:22:19.927Z] GET /api/page-seo
[2026-05-25T20:22:19.944Z] GET /api/dashboard/posts
[2026-05-25T20:22:20.258Z] GET /api/page-seo
[2026-05-25T20:22:20.259Z] GET /api/dashboard/posts
[2026-05-25T20:22:20.260Z] GET /api/auth/me
[2026-05-25T20:22:20.300Z] GET /api/dashboard/posts
[2026-05-25T20:22:20.325Z] GET /api/dashboard/posts
[2026-05-25T20:22:20.347Z] GET /api/dashboard/posts
[2026-05-25T20:22:20.417Z] GET /api/page-seo
[2026-05-25T20:22:20.418Z] GET /api/dashboard/posts
[2026-05-25T20:22:20.419Z] GET /api/auth/me
[2026-05-25T20:22:20.449Z] GET /api/dashboard/posts
[2026-05-25T20:22:20.478Z] GET /api/dashboard/posts
[2026-05-25T20:22:20.499Z] GET /api/dashboard/posts
[2026-05-25T20:22:21.057Z] GET /api/page-seo
[2026-05-25T20:22:21.058Z] GET /api/dashboard/posts
[2026-05-25T20:22:21.060Z] GET /api/auth/me
[2026-05-25T20:22:21.096Z] GET /api/dashboard/posts
[2026-05-25T20:22:21.119Z] GET /api/dashboard/posts
[2026-05-25T20:22:21.146Z] GET /api/dashboard/posts
[2026-05-25T20:22:21.243Z] GET /api/page-seo
[2026-05-25T20:22:21.244Z] GET /api/leads/project-requests
[2026-05-25T20:22:21.245Z] GET /api/leads/contact-leads
[2026-05-25T20:22:21.246Z] GET /api/leads/newsletter-subscribers
[2026-05-25T20:22:21.248Z] GET /api/auth/me
[2026-05-25T20:22:21.255Z] GET /api/leads/project-requests
[2026-05-25T20:22:21.258Z] GET /api/leads/newsletter-subscribers
[2026-05-25T20:22:21.259Z] GET /api/leads/contact-leads
[2026-05-25T20:22:21.288Z] GET /api/leads/project-requests
[2026-05-25T20:22:21.289Z] GET /api/leads/contact-leads
[2026-05-25T20:22:21.290Z] GET /api/leads/newsletter-subscribers
[2026-05-25T20:22:21.294Z] GET /api/leads/project-requests
[2026-05-25T20:22:21.295Z] GET /api/leads/contact-leads
[2026-05-25T20:22:21.295Z] GET /api/leads/newsletter-subscribers
[2026-05-25T20:22:21.726Z] GET /api/page-seo
[2026-05-25T20:22:21.777Z] GET /api/auth/me
[2026-05-25T20:22:21.870Z] GET /api/page-seo
[2026-05-25T20:22:21.872Z] GET /api/leads/project-requests
[2026-05-25T20:22:21.873Z] GET /api/leads/contact-leads
[2026-05-25T20:22:21.875Z] GET /api/leads/newsletter-subscribers
[2026-05-25T20:22:21.876Z] GET /api/auth/me
[2026-05-25T20:22:21.887Z] GET /api/leads/project-requests
[2026-05-25T20:22:21.889Z] GET /api/leads/contact-leads
[2026-05-25T20:22:21.891Z] GET /api/leads/newsletter-subscribers
[2026-05-25T20:22:21.925Z] GET /api/leads/project-requests
[2026-05-25T20:22:21.926Z] GET /api/leads/contact-leads
[2026-05-25T20:22:21.927Z] GET /api/leads/newsletter-subscribers
[2026-05-25T20:22:21.931Z] GET /api/leads/project-requests
[2026-05-25T20:22:21.932Z] GET /api/leads/contact-leads
[2026-05-25T20:22:21.933Z] GET /api/leads/newsletter-subscribers
[2026-05-25T20:22:25.296Z] GET /api/page-seo
[2026-05-25T20:24:53.315Z] GET /api/page-seo
[2026-05-25T20:24:53.320Z] GET /api/page-seo
[2026-05-25T20:24:54.232Z] GET /api/page-seo
[2026-05-25T20:24:54.238Z] GET /api/page-seo
[2026-05-25T20:24:55.155Z] GET /api/page-seo
[2026-05-25T20:24:55.160Z] GET /api/page-seo
[2026-05-25T20:24:55.814Z] GET /api/page-seo
[2026-05-25T20:24:55.820Z] GET /api/page-seo
[2026-05-25T20:24:56.370Z] GET /api/page-seo
[2026-05-25T20:24:56.379Z] GET /api/page-seo
[2026-05-25T20:24:59.426Z] GET /api/page-seo
[2026-05-25T20:24:59.431Z] GET /api/page-seo
[2026-05-25T20:24:59.681Z] GET /api/page-seo
[2026-05-25T20:25:05.016Z] GET /api/page-seo
[2026-05-25T20:25:05.025Z] GET /api/page-seo
[2026-05-25T20:25:05.794Z] GET /api/page-seo
[2026-05-25T20:25:05.799Z] GET /api/page-seo
[2026-05-25T20:25:06.433Z] GET /api/page-seo
[2026-05-25T20:25:06.436Z] GET /api/page-seo
[2026-05-25T20:25:17.234Z] GET /api/page-seo
[2026-05-25T20:25:17.241Z] GET /api/page-seo
[2026-05-25T20:25:17.382Z] GET /api/page-seo
[2026-05-25T20:25:17.388Z] GET /api/page-seo
[2026-05-25T20:25:19.891Z] GET /api/page-seo
[2026-05-25T20:25:19.897Z] GET /api/page-seo
[2026-05-25T20:25:20.821Z] GET /api/page-seo
[2026-05-25T20:25:20.824Z] GET /api/page-seo
[2026-05-25T20:25:21.444Z] GET /api/page-seo
[2026-05-25T20:25:21.455Z] GET /api/page-seo
[2026-05-25T20:25:22.379Z] GET /api/page-seo
[2026-05-25T20:25:22.385Z] GET /api/page-seo
[2026-05-25T20:25:22.856Z] GET /api/page-seo
[2026-05-25T20:25:22.860Z] GET /api/page-seo
[2026-05-25T20:27:15.700Z] GET /api/page-seo
[2026-05-25T20:27:15.705Z] GET /api/page-seo
[2026-05-25T20:27:15.835Z] GET /api/page-seo
[2026-05-25T20:27:15.859Z] GET /api/page-seo
[2026-05-25T20:27:18.670Z] GET /api/page-seo
[2026-05-25T20:27:18.677Z] GET /api/page-seo
[2026-05-25T20:28:04.318Z] GET /api/page-seo
[2026-05-25T20:28:04.324Z] GET /api/page-seo
[2026-05-25T20:28:50.683Z] GET /api/page-seo
[2026-05-25T20:28:50.690Z] GET /api/page-seo
[2026-05-25T20:29:20.058Z] GET /api/page-seo
[2026-05-25T20:29:20.066Z] GET /api/page-seo
[2026-05-25T20:29:20.244Z] GET /api/page-seo
[2026-05-25T20:29:20.250Z] GET /api/page-seo
[2026-05-25T20:29:24.394Z] GET /api/page-seo
[2026-05-25T20:29:24.400Z] GET /api/page-seo
[2026-05-25T20:29:27.544Z] POST /api/auth/login
[2026-05-25T20:29:28.198Z] GET /api/page-seo
[2026-05-25T20:29:28.204Z] GET /api/auth/me
[2026-05-25T20:29:28.212Z] GET /api/auth/me
[2026-05-25T20:29:28.332Z] GET /api/leads/project-requests
[2026-05-25T20:29:28.335Z] GET /api/leads/contact-leads
[2026-05-25T20:29:28.336Z] GET /api/leads/newsletter-subscribers
[2026-05-25T20:29:28.342Z] GET /api/leads/project-requests
[2026-05-25T20:29:28.343Z] GET /api/leads/contact-leads
[2026-05-25T20:29:28.345Z] GET /api/leads/newsletter-subscribers
[2026-05-25T20:29:32.601Z] GET /api/page-seo
[2026-05-25T20:29:32.702Z] GET /api/auth/me
[2026-05-25T20:29:33.327Z] GET /api/page-seo
[2026-05-25T20:29:33.329Z] GET /api/leads/project-requests
[2026-05-25T20:29:33.330Z] GET /api/leads/contact-leads
[2026-05-25T20:29:33.332Z] GET /api/leads/newsletter-subscribers
[2026-05-25T20:29:33.335Z] GET /api/auth/me
[2026-05-25T20:29:33.339Z] GET /api/leads/project-requests
[2026-05-25T20:29:33.341Z] GET /api/leads/contact-leads
[2026-05-25T20:29:33.344Z] GET /api/leads/newsletter-subscribers
[2026-05-25T20:29:33.382Z] GET /api/leads/project-requests
[2026-05-25T20:29:33.383Z] GET /api/leads/contact-leads
[2026-05-25T20:29:33.384Z] GET /api/leads/newsletter-subscribers
[2026-05-25T20:29:33.389Z] GET /api/leads/project-requests
[2026-05-25T20:29:33.390Z] GET /api/leads/contact-leads
[2026-05-25T20:29:33.391Z] GET /api/leads/newsletter-subscribers
[2026-05-25T20:29:34.434Z] GET /api/page-seo
[2026-05-25T20:29:34.483Z] GET /api/auth/me
[2026-05-25T20:29:35.194Z] GET /api/page-seo
[2026-05-25T20:29:35.195Z] GET /api/dashboard/posts
[2026-05-25T20:29:35.196Z] GET /api/auth/me
[2026-05-25T20:29:35.254Z] GET /api/dashboard/posts
[2026-05-25T20:29:35.281Z] GET /api/dashboard/posts
[2026-05-25T20:29:35.311Z] GET /api/dashboard/posts
[2026-05-25T20:29:35.778Z] GET /api/page-seo
[2026-05-25T20:29:35.779Z] GET /api/dashboard/posts
[2026-05-25T20:29:35.779Z] GET /api/auth/me
[2026-05-25T20:29:35.804Z] GET /api/dashboard/posts
[2026-05-25T20:29:35.836Z] GET /api/dashboard/posts
[2026-05-25T20:29:35.862Z] GET /api/dashboard/posts
[2026-05-25T20:29:36.695Z] GET /api/page-seo
[2026-05-25T20:29:36.696Z] GET /api/dashboard/posts
[2026-05-25T20:29:36.697Z] GET /api/auth/me
[2026-05-25T20:29:36.727Z] GET /api/dashboard/posts
[2026-05-25T20:29:36.749Z] GET /api/dashboard/posts
[2026-05-25T20:29:36.785Z] GET /api/dashboard/posts
[2026-05-25T20:29:38.560Z] GET /api/page-seo
[2026-05-25T20:29:38.562Z] GET /api/content
[2026-05-25T20:29:38.565Z] GET /api/auth/me
[2026-05-25T20:29:38.763Z] GET /api/content
[2026-05-25T20:29:38.768Z] GET /api/content
[2026-05-25T20:29:38.771Z] GET /api/content
[2026-05-25T20:29:41.673Z] GET /api/page-seo
[2026-05-25T20:29:41.674Z] GET /api/dashboard/posts
[2026-05-25T20:29:41.674Z] GET /api/auth/me
[2026-05-25T20:29:41.708Z] GET /api/dashboard/posts
[2026-05-25T20:29:41.736Z] GET /api/dashboard/posts
[2026-05-25T20:29:41.759Z] GET /api/dashboard/posts
[2026-05-25T20:29:42.316Z] GET /api/page-seo
[2026-05-25T20:29:42.317Z] GET /api/dashboard/posts
[2026-05-25T20:29:42.318Z] GET /api/auth/me
[2026-05-25T20:29:42.352Z] GET /api/dashboard/posts
[2026-05-25T20:29:42.372Z] GET /api/dashboard/posts
[2026-05-25T20:29:42.402Z] GET /api/dashboard/posts
[2026-05-25T20:29:45.849Z] GET /api/page-seo
[2026-05-25T20:29:45.850Z] GET /api/dashboard/posts
[2026-05-25T20:29:45.861Z] GET /api/auth/me
[2026-05-25T20:29:45.884Z] GET /api/dashboard/posts
[2026-05-25T20:29:45.907Z] GET /api/dashboard/posts
[2026-05-25T20:29:45.928Z] GET /api/dashboard/posts
[2026-05-25T20:29:46.493Z] GET /api/page-seo
[2026-05-25T20:29:46.534Z] GET /api/auth/me
[2026-05-25T20:29:46.967Z] GET /api/page-seo
[2026-05-25T20:29:46.968Z] GET /api/leads/project-requests
[2026-05-25T20:29:46.968Z] GET /api/leads/contact-leads
[2026-05-25T20:29:46.970Z] GET /api/leads/newsletter-subscribers
[2026-05-25T20:29:46.971Z] GET /api/auth/me
[2026-05-25T20:29:46.983Z] GET /api/leads/project-requests
[2026-05-25T20:29:46.983Z] GET /api/leads/newsletter-subscribers
[2026-05-25T20:29:46.984Z] GET /api/leads/contact-leads
[2026-05-25T20:29:47.014Z] GET /api/leads/project-requests
[2026-05-25T20:29:47.015Z] GET /api/leads/contact-leads
[2026-05-25T20:29:47.016Z] GET /api/leads/newsletter-subscribers
[2026-05-25T20:29:47.020Z] GET /api/leads/project-requests
[2026-05-25T20:29:47.021Z] GET /api/leads/contact-leads
[2026-05-25T20:29:47.021Z] GET /api/leads/newsletter-subscribers
[2026-05-25T20:29:49.339Z] GET /api/page-seo
[2026-05-25T20:29:49.340Z] GET /api/leads/project-requests
[2026-05-25T20:29:49.341Z] GET /api/leads/contact-leads
[2026-05-25T20:29:49.342Z] GET /api/leads/newsletter-subscribers
[2026-05-25T20:29:49.343Z] GET /api/auth/me
[2026-05-25T20:29:49.352Z] GET /api/leads/contact-leads
[2026-05-25T20:29:49.353Z] GET /api/leads/newsletter-subscribers
[2026-05-25T20:29:49.354Z] GET /api/leads/project-requests
[2026-05-25T20:29:49.375Z] GET /api/leads/project-requests
[2026-05-25T20:29:49.376Z] GET /api/leads/contact-leads
[2026-05-25T20:29:49.377Z] GET /api/leads/newsletter-subscribers
[2026-05-25T20:29:49.382Z] GET /api/leads/contact-leads
[2026-05-25T20:29:49.383Z] GET /api/leads/newsletter-subscribers
[2026-05-25T20:29:49.384Z] GET /api/leads/project-requests
[2026-05-25T20:29:52.347Z] GET /api/page-seo
[2026-05-25T20:30:04.562Z] POST /api/auth/login
[2026-05-25T20:30:05.124Z] GET /api/page-seo
[2026-05-25T20:30:05.129Z] GET /api/auth/me
[2026-05-25T20:30:05.138Z] GET /api/auth/me
[2026-05-25T20:30:05.163Z] GET /api/leads/project-requests
[2026-05-25T20:30:05.165Z] GET /api/leads/contact-leads
[2026-05-25T20:30:05.166Z] GET /api/leads/newsletter-subscribers
[2026-05-25T20:30:05.170Z] GET /api/leads/project-requests
[2026-05-25T20:30:05.171Z] GET /api/leads/contact-leads
[2026-05-25T20:30:05.173Z] GET /api/leads/newsletter-subscribers
[2026-05-25T20:30:09.496Z] GET /api/page-seo
[2026-05-25T20:30:09.497Z] GET /api/leads/project-requests
[2026-05-25T20:30:09.499Z] GET /api/leads/contact-leads
[2026-05-25T20:30:09.500Z] GET /api/leads/newsletter-subscribers
[2026-05-25T20:30:09.503Z] GET /api/auth/me
[2026-05-25T20:30:09.511Z] GET /api/leads/project-requests
[2026-05-25T20:30:09.512Z] GET /api/leads/contact-leads
[2026-05-25T20:30:09.513Z] GET /api/leads/newsletter-subscribers
[2026-05-25T20:30:09.542Z] GET /api/leads/project-requests
[2026-05-25T20:30:09.543Z] GET /api/leads/contact-leads
[2026-05-25T20:30:09.544Z] GET /api/leads/newsletter-subscribers
[2026-05-25T20:30:09.549Z] GET /api/leads/project-requests
[2026-05-25T20:30:09.550Z] GET /api/leads/contact-leads
[2026-05-25T20:30:09.551Z] GET /api/leads/newsletter-subscribers
[2026-05-25T20:30:12.296Z] GET /api/page-seo
[2026-05-25T20:30:12.353Z] GET /api/auth/me
[2026-05-25T20:30:13.894Z] GET /api/page-seo
[2026-05-25T20:30:13.895Z] GET /api/leads/project-requests
[2026-05-25T20:30:13.896Z] GET /api/leads/contact-leads
[2026-05-25T20:30:13.897Z] GET /api/leads/newsletter-subscribers
[2026-05-25T20:30:13.898Z] GET /api/auth/me
[2026-05-25T20:30:13.904Z] GET /api/leads/project-requests
[2026-05-25T20:30:13.907Z] GET /api/leads/contact-leads
[2026-05-25T20:30:13.908Z] GET /api/leads/newsletter-subscribers
[2026-05-25T20:30:13.929Z] GET /api/leads/project-requests
[2026-05-25T20:30:13.930Z] GET /api/leads/contact-leads
[2026-05-25T20:30:13.931Z] GET /api/leads/newsletter-subscribers
[2026-05-25T20:30:13.936Z] GET /api/leads/project-requests
[2026-05-25T20:30:13.937Z] GET /api/leads/contact-leads
[2026-05-25T20:30:13.938Z] GET /api/leads/newsletter-subscribers
[2026-05-25T20:30:19.937Z] GET /api/page-seo
[2026-05-25T20:30:19.938Z] GET /api/dashboard/posts
[2026-05-25T20:30:19.943Z] GET /api/auth/me
[2026-05-25T20:30:19.971Z] GET /api/dashboard/posts
[2026-05-25T20:30:20.006Z] GET /api/dashboard/posts
[2026-05-25T20:30:20.041Z] GET /api/dashboard/posts
[2026-05-25T20:30:23.795Z] GET /api/page-seo
[2026-05-25T20:30:23.796Z] GET /api/dashboard/posts
[2026-05-25T20:30:23.798Z] GET /api/auth/me
[2026-05-25T20:30:23.832Z] GET /api/dashboard/posts
[2026-05-25T20:30:23.864Z] GET /api/dashboard/posts
[2026-05-25T20:30:23.890Z] GET /api/dashboard/posts
[2026-05-25T20:30:24.854Z] GET /api/page-seo
[2026-05-25T20:30:24.855Z] GET /api/dashboard/posts
[2026-05-25T20:30:24.855Z] GET /api/auth/me
[2026-05-25T20:30:24.892Z] GET /api/dashboard/posts
[2026-05-25T20:30:24.914Z] GET /api/dashboard/posts
[2026-05-25T20:30:24.934Z] GET /api/dashboard/posts
[2026-05-25T20:30:27.519Z] GET /api/page-seo
[2026-05-25T20:30:27.520Z] GET /api/content
[2026-05-25T20:30:27.528Z] GET /api/content
[2026-05-25T20:30:27.530Z] GET /api/auth/me
[2026-05-25T20:30:27.557Z] GET /api/content
[2026-05-25T20:30:27.561Z] GET /api/content
[2026-05-25T20:30:28.599Z] GET /api/page-seo
[2026-05-25T20:30:28.601Z] GET /api/dashboard/posts
[2026-05-25T20:30:28.602Z] GET /api/auth/me
[2026-05-25T20:30:28.633Z] GET /api/dashboard/posts
[2026-05-25T20:30:28.667Z] GET /api/dashboard/posts
[2026-05-25T20:30:28.690Z] GET /api/dashboard/posts
[2026-05-25T20:31:55.277Z] GET /api/page-seo
[2026-05-25T20:31:55.283Z] GET /api/page-seo
[2026-05-25T20:31:55.439Z] GET /api/auth/me
[2026-05-25T20:31:55.445Z] GET /api/auth/me
[2026-05-25T20:31:55.533Z] GET /api/dashboard/posts
[2026-05-25T20:31:55.581Z] GET /api/dashboard/posts
[2026-05-25T20:32:01.536Z] GET /api/page-seo
[2026-05-25T20:32:01.551Z] GET /api/page-seo
[2026-05-25T20:32:01.734Z] GET /api/auth/me
[2026-05-25T20:32:01.742Z] GET /api/auth/me
[2026-05-25T20:32:01.821Z] GET /api/dashboard/posts
[2026-05-25T20:32:01.856Z] GET /api/dashboard/posts
[2026-05-25T20:32:08.023Z] GET /api/page-seo
[2026-05-25T20:32:08.028Z] GET /api/page-seo
[2026-05-25T20:32:08.123Z] GET /api/auth/me
[2026-05-25T20:32:08.130Z] GET /api/auth/me
[2026-05-25T20:32:08.188Z] GET /api/dashboard/posts
[2026-05-25T20:32:08.220Z] GET /api/dashboard/posts
[2026-05-25T20:32:12.251Z] GET /api/page-seo
[2026-05-25T20:32:12.259Z] GET /api/page-seo
[2026-05-25T20:32:12.330Z] GET /api/auth/me
[2026-05-25T20:32:12.336Z] GET /api/auth/me
[2026-05-25T20:32:12.383Z] GET /api/dashboard/posts
[2026-05-25T20:32:12.417Z] GET /api/dashboard/posts
[2026-05-25T20:35:46.811Z] GET /api/page-seo
[2026-05-25T20:35:46.935Z] GET /api/auth/me
[2026-05-25T20:35:48.372Z] GET /api/page-seo
[2026-05-25T20:35:48.374Z] GET /api/leads/project-requests
[2026-05-25T20:35:48.378Z] GET /api/leads/contact-leads
[2026-05-25T20:35:48.379Z] GET /api/leads/newsletter-subscribers
[2026-05-25T20:35:48.381Z] GET /api/auth/me
[2026-05-25T20:35:48.392Z] GET /api/leads/project-requests
[2026-05-25T20:35:48.396Z] GET /api/leads/contact-leads
[2026-05-25T20:35:48.399Z] GET /api/leads/newsletter-subscribers
[2026-05-25T20:35:48.433Z] GET /api/leads/project-requests
[2026-05-25T20:35:48.434Z] GET /api/leads/contact-leads
[2026-05-25T20:35:48.438Z] GET /api/leads/newsletter-subscribers
[2026-05-25T20:35:48.444Z] GET /api/leads/project-requests
[2026-05-25T20:35:48.447Z] GET /api/leads/contact-leads
[2026-05-25T20:35:48.450Z] GET /api/leads/newsletter-subscribers
[2026-05-25T20:35:50.506Z] GET /api/page-seo
[2026-05-25T20:35:50.508Z] GET /api/leads/project-requests
[2026-05-25T20:35:50.509Z] GET /api/leads/contact-leads
[2026-05-25T20:35:50.510Z] GET /api/leads/newsletter-subscribers
[2026-05-25T20:35:50.511Z] GET /api/auth/me
[2026-05-25T20:35:50.519Z] GET /api/leads/project-requests
[2026-05-25T20:35:50.522Z] GET /api/leads/contact-leads
[2026-05-25T20:35:50.523Z] GET /api/leads/newsletter-subscribers
[2026-05-25T20:35:50.558Z] GET /api/leads/project-requests
[2026-05-25T20:35:50.559Z] GET /api/leads/contact-leads
[2026-05-25T20:35:50.561Z] GET /api/leads/newsletter-subscribers
[2026-05-25T20:35:50.568Z] GET /api/leads/contact-leads
[2026-05-25T20:35:50.570Z] GET /api/leads/project-requests
[2026-05-25T20:35:50.573Z] GET /api/leads/newsletter-subscribers
[2026-05-25T20:35:51.317Z] GET /api/page-seo
[2026-05-25T20:35:51.320Z] GET /api/dashboard/posts
[2026-05-25T20:35:51.322Z] GET /api/auth/me
[2026-05-25T20:35:51.384Z] GET /api/dashboard/posts
[2026-05-25T20:35:51.423Z] GET /api/dashboard/posts
[2026-05-25T20:35:51.446Z] GET /api/dashboard/posts
[2026-05-25T20:35:52.313Z] GET /api/page-seo
[2026-05-25T20:35:52.316Z] GET /api/dashboard/posts
[2026-05-25T20:35:52.320Z] GET /api/auth/me
[2026-05-25T20:35:52.359Z] GET /api/dashboard/posts
[2026-05-25T20:35:52.399Z] GET /api/dashboard/posts
[2026-05-25T20:35:52.432Z] GET /api/dashboard/posts
[2026-05-25T20:35:54.022Z] GET /api/page-seo
[2026-05-25T20:35:54.024Z] GET /api/dashboard/posts
[2026-05-25T20:35:54.024Z] GET /api/auth/me
[2026-05-25T20:35:54.069Z] GET /api/dashboard/posts
[2026-05-25T20:35:54.098Z] GET /api/dashboard/posts
[2026-05-25T20:35:54.123Z] GET /api/dashboard/posts
[2026-05-25T20:35:56.253Z] GET /api/page-seo
[2026-05-25T20:35:56.254Z] GET /api/content
[2026-05-25T20:35:56.256Z] GET /api/auth/me
[2026-05-25T20:35:56.265Z] GET /api/content
[2026-05-25T20:35:56.293Z] GET /api/content
[2026-05-25T20:35:56.298Z] GET /api/content
[2026-05-25T20:35:57.436Z] GET /api/page-seo
[2026-05-25T20:35:57.440Z] GET /api/auth/me
[2026-05-25T20:37:08.723Z] GET /api/page-seo
[2026-05-25T20:37:08.781Z] GET /api/auth/me
[2026-05-25T20:37:10.051Z] GET /api/page-seo
[2026-05-25T20:37:10.054Z] GET /api/leads/project-requests
[2026-05-25T20:37:10.056Z] GET /api/leads/contact-leads
[2026-05-25T20:37:10.057Z] GET /api/leads/newsletter-subscribers
[2026-05-25T20:37:10.058Z] GET /api/auth/me
[2026-05-25T20:37:10.069Z] GET /api/leads/project-requests
[2026-05-25T20:37:10.070Z] GET /api/leads/contact-leads
[2026-05-25T20:37:10.072Z] GET /api/leads/newsletter-subscribers
[2026-05-25T20:37:10.098Z] GET /api/leads/project-requests
[2026-05-25T20:37:10.099Z] GET /api/leads/contact-leads
[2026-05-25T20:37:10.100Z] GET /api/leads/newsletter-subscribers
[2026-05-25T20:37:10.106Z] GET /api/leads/project-requests
[2026-05-25T20:37:10.108Z] GET /api/leads/contact-leads
[2026-05-25T20:37:10.109Z] GET /api/leads/newsletter-subscribers
[2026-05-25T20:37:11.146Z] GET /api/page-seo
[2026-05-25T20:37:11.147Z] GET /api/dashboard/posts
[2026-05-25T20:37:11.149Z] GET /api/auth/me
[2026-05-25T20:37:11.191Z] GET /api/dashboard/posts
[2026-05-25T20:37:11.217Z] GET /api/dashboard/posts
[2026-05-25T20:37:11.242Z] GET /api/dashboard/posts
[2026-05-25T20:37:11.883Z] GET /api/page-seo
[2026-05-25T20:37:11.884Z] GET /api/dashboard/posts
[2026-05-25T20:37:11.885Z] GET /api/auth/me
[2026-05-25T20:37:11.921Z] GET /api/dashboard/posts
[2026-05-25T20:37:11.944Z] GET /api/dashboard/posts
[2026-05-25T20:37:11.969Z] GET /api/dashboard/posts
[2026-05-25T20:37:15.651Z] GET /api/page-seo
[2026-05-25T20:37:15.652Z] GET /api/dashboard/posts
[2026-05-25T20:37:15.655Z] GET /api/auth/me
[2026-05-25T20:37:15.688Z] GET /api/dashboard/posts
[2026-05-25T20:37:15.713Z] GET /api/dashboard/posts
[2026-05-25T20:37:15.736Z] GET /api/dashboard/posts
[2026-05-25T20:37:19.812Z] GET /api/dashboard/posts
[2026-05-25T20:37:19.813Z] GET /api/page-seo
[2026-05-25T20:37:19.814Z] GET /api/page-seo
[2026-05-25T20:37:19.816Z] GET /api/auth/me
[2026-05-25T20:37:19.823Z] GET /api/page-seo
[2026-05-25T20:37:19.850Z] GET /api/dashboard/posts
[2026-05-25T20:37:19.881Z] GET /api/dashboard/posts
[2026-05-25T20:37:19.887Z] GET /api/page-seo
[2026-05-25T20:37:19.896Z] GET /api/page-seo
[2026-05-25T20:37:19.921Z] GET /api/dashboard/posts
[2026-05-25T20:37:33.297Z] GET /api/page-seo
[2026-05-25T20:37:33.304Z] GET /api/auth/me
[2026-05-25T20:37:36.698Z] GET /api/page-seo
[2026-05-25T20:37:36.701Z] GET /api/leads/project-requests
[2026-05-25T20:37:36.703Z] GET /api/leads/contact-leads
[2026-05-25T20:37:36.705Z] GET /api/leads/newsletter-subscribers
[2026-05-25T20:37:36.707Z] GET /api/auth/me
[2026-05-25T20:37:36.718Z] GET /api/leads/project-requests
[2026-05-25T20:37:36.722Z] GET /api/leads/contact-leads
[2026-05-25T20:37:36.724Z] GET /api/leads/newsletter-subscribers
[2026-05-25T20:37:36.751Z] GET /api/leads/project-requests
[2026-05-25T20:37:36.752Z] GET /api/leads/contact-leads
[2026-05-25T20:37:36.753Z] GET /api/leads/newsletter-subscribers
[2026-05-25T20:37:36.759Z] GET /api/leads/project-requests
[2026-05-25T20:37:36.760Z] GET /api/leads/newsletter-subscribers
[2026-05-25T20:37:36.761Z] GET /api/leads/contact-leads
[2026-05-25T20:37:43.014Z] GET /api/page-seo
[2026-05-25T20:37:43.015Z] GET /api/leads/project-requests
[2026-05-25T20:37:43.016Z] GET /api/leads/contact-leads
[2026-05-25T20:37:43.019Z] GET /api/leads/newsletter-subscribers
[2026-05-25T20:37:43.025Z] GET /api/auth/me
[2026-05-25T20:37:43.028Z] GET /api/leads/project-requests
[2026-05-25T20:37:43.029Z] GET /api/leads/contact-leads
[2026-05-25T20:37:43.030Z] GET /api/leads/newsletter-subscribers
[2026-05-25T20:37:43.062Z] GET /api/leads/project-requests
[2026-05-25T20:37:43.063Z] GET /api/leads/contact-leads
[2026-05-25T20:37:43.064Z] GET /api/leads/newsletter-subscribers
[2026-05-25T20:37:43.069Z] GET /api/leads/project-requests
[2026-05-25T20:37:43.070Z] GET /api/leads/contact-leads
[2026-05-25T20:37:43.071Z] GET /api/leads/newsletter-subscribers
[2026-05-25T20:37:48.821Z] GET /api/page-seo
[2026-05-25T20:37:48.823Z] GET /api/leads/project-requests
[2026-05-25T20:37:48.824Z] GET /api/leads/contact-leads
[2026-05-25T20:37:48.825Z] GET /api/leads/newsletter-subscribers
[2026-05-25T20:37:48.832Z] GET /api/auth/me
[2026-05-25T20:37:48.836Z] GET /api/leads/contact-leads
[2026-05-25T20:37:48.838Z] GET /api/leads/project-requests
[2026-05-25T20:37:48.839Z] GET /api/leads/newsletter-subscribers
[2026-05-25T20:37:48.860Z] GET /api/leads/project-requests
[2026-05-25T20:37:48.861Z] GET /api/leads/contact-leads
[2026-05-25T20:37:48.862Z] GET /api/leads/newsletter-subscribers
[2026-05-25T20:37:48.866Z] GET /api/leads/project-requests
[2026-05-25T20:37:48.867Z] GET /api/leads/contact-leads
[2026-05-25T20:37:48.868Z] GET /api/leads/newsletter-subscribers
[2026-05-25T20:37:53.595Z] GET /api/page-seo
[2026-05-25T20:37:53.597Z] GET /api/auth/me
[2026-05-25T20:37:57.229Z] GET /api/page-seo
[2026-05-25T20:37:57.231Z] GET /api/dashboard/posts
[2026-05-25T20:37:57.232Z] GET /api/page-seo
[2026-05-25T20:37:57.233Z] GET /api/auth/me
[2026-05-25T20:37:57.239Z] GET /api/page-seo
[2026-05-25T20:37:57.281Z] GET /api/dashboard/posts
[2026-05-25T20:37:57.292Z] GET /api/page-seo
[2026-05-25T20:37:57.317Z] GET /api/dashboard/posts
[2026-05-25T20:37:57.322Z] GET /api/page-seo
[2026-05-25T20:37:57.344Z] GET /api/dashboard/posts
[2026-05-25T20:38:00.543Z] GET /api/page-seo
[2026-05-25T20:38:00.545Z] GET /api/career/jobs
[2026-05-25T20:38:00.546Z] GET /api/career/applications
[2026-05-25T20:38:00.548Z] GET /api/auth/me
[2026-05-25T20:38:00.554Z] GET /api/career/applications
[2026-05-25T20:38:00.557Z] GET /api/career/jobs
[2026-05-25T20:38:00.587Z] GET /api/career/jobs
[2026-05-25T20:38:00.588Z] GET /api/career/applications
[2026-05-25T20:38:00.592Z] GET /api/career/jobs
[2026-05-25T20:38:00.593Z] GET /api/career/applications
[2026-05-25T20:38:04.300Z] GET /api/page-seo
[2026-05-25T20:38:04.303Z] GET /api/auth/me
[2026-05-25T20:38:08.954Z] GET /api/page-seo
[2026-05-25T20:38:08.955Z] GET /api/auth/me
[2026-05-25T20:51:26.979Z] POST /api/auth/login
[2026-05-25T20:51:27.672Z] GET /api/page-seo
[2026-05-25T20:51:27.680Z] GET /api/auth/me
[2026-05-25T20:51:27.697Z] GET /api/auth/me
[2026-05-25T20:51:27.776Z] GET /api/leads/project-requests
[2026-05-25T20:51:27.778Z] GET /api/leads/contact-leads
[2026-05-25T20:51:27.779Z] GET /api/leads/newsletter-subscribers
[2026-05-25T20:51:27.792Z] GET /api/leads/project-requests
[2026-05-25T20:51:27.795Z] GET /api/leads/contact-leads
[2026-05-25T20:51:27.797Z] GET /api/leads/newsletter-subscribers
[2026-05-25T20:51:34.558Z] GET /api/page-seo
[2026-05-25T20:51:34.564Z] GET /api/page-seo
[2026-05-25T20:51:34.709Z] GET /api/posts
[2026-05-25T20:51:34.751Z] GET /api/posts
[2026-05-25T20:51:38.981Z] GET /api/page-seo
[2026-05-25T20:51:38.990Z] GET /api/page-seo
[2026-05-25T20:51:39.048Z] GET /api/posts
[2026-05-25T20:51:39.079Z] GET /api/posts
[2026-05-25T20:51:42.588Z] GET /api/page-seo
[2026-05-25T20:51:46.425Z] GET /api/page-seo
[2026-05-25T20:51:46.430Z] GET /api/page-seo
[2026-05-25T20:51:47.357Z] GET /api/page-seo
[2026-05-25T20:51:47.363Z] GET /api/page-seo
[2026-05-25T20:51:48.030Z] GET /api/page-seo
[2026-05-25T20:51:48.035Z] GET /api/page-seo
[2026-05-25T20:51:48.831Z] GET /api/page-seo
[2026-05-25T20:51:48.837Z] GET /api/page-seo
[2026-05-25T20:51:49.372Z] GET /api/page-seo
[2026-05-25T20:51:49.377Z] GET /api/page-seo
[2026-05-25T20:56:54.801Z] GET /api/page-seo
[2026-05-25T20:56:54.805Z] GET /api/page-seo
[2026-05-25T20:56:58.758Z] GET /api/page-seo
[2026-05-25T20:56:58.763Z] GET /api/page-seo
[2026-05-25T21:02:35.124Z] GET /api/page-seo
[2026-05-25T21:02:35.130Z] GET /api/page-seo
[2026-05-25T21:02:42.856Z] GET /api/page-seo
[2026-05-25T21:02:42.864Z] GET /api/page-seo
[2026-05-25T21:02:43.621Z] GET /api/page-seo
[2026-05-25T21:02:43.627Z] GET /api/page-seo
[2026-05-25T21:02:44.222Z] GET /api/page-seo
[2026-05-25T21:02:44.228Z] GET /api/page-seo
[2026-05-25T21:02:44.786Z] GET /api/page-seo
[2026-05-25T21:02:44.793Z] GET /api/page-seo
[2026-05-25T21:04:39.259Z] GET /api/page-seo
[2026-05-25T21:04:39.265Z] GET /api/page-seo
[2026-05-25T21:04:39.830Z] GET /api/page-seo
[2026-05-25T21:04:39.835Z] GET /api/page-seo
[2026-05-25T21:04:40.372Z] GET /api/page-seo
[2026-05-25T21:04:40.377Z] GET /api/page-seo
[2026-05-25T21:04:40.848Z] GET /api/page-seo
[2026-05-25T21:04:40.854Z] GET /api/page-seo
[2026-05-25T21:04:41.576Z] GET /api/page-seo
[2026-05-25T21:04:41.580Z] GET /api/page-seo
[2026-05-25T21:05:48.906Z] GET /api/page-seo
[2026-05-25T21:05:48.911Z] GET /api/page-seo
[2026-05-25T21:05:49.860Z] GET /api/page-seo
[2026-05-25T21:05:49.866Z] GET /api/page-seo
[2026-05-25T21:05:50.734Z] GET /api/page-seo
[2026-05-25T21:05:50.741Z] GET /api/page-seo
[2026-05-25T21:05:51.400Z] GET /api/page-seo
[2026-05-25T21:05:51.405Z] GET /api/page-seo
[2026-05-25T21:05:51.856Z] GET /api/page-seo
[2026-05-25T21:05:51.864Z] GET /api/page-seo
[2026-05-25T21:06:11.046Z] GET /api/page-seo
[2026-05-25T21:06:11.052Z] GET /api/page-seo
[2026-05-25T21:06:11.586Z] GET /api/page-seo
[2026-05-25T21:06:11.590Z] GET /api/page-seo
[2026-05-25T21:06:12.073Z] GET /api/page-seo
[2026-05-25T21:06:12.078Z] GET /api/page-seo
[2026-05-25T21:06:12.542Z] GET /api/page-seo
[2026-05-25T21:06:12.548Z] GET /api/page-seo
[2026-05-25T21:08:22.747Z] GET /api/page-seo
[2026-05-25T21:08:22.757Z] GET /api/page-seo
[2026-05-25T21:08:22.850Z] GET /api/posts
[2026-05-25T21:08:22.891Z] GET /api/posts
[2026-05-25T21:08:28.303Z] GET /api/page-seo
[2026-05-25T21:08:28.312Z] GET /api/page-seo
[2026-05-25T21:08:35.125Z] GET /api/page-seo
[2026-05-25T21:08:35.132Z] GET /api/page-seo
[2026-05-25T21:08:35.661Z] GET /api/page-seo
[2026-05-25T21:08:35.668Z] GET /api/page-seo
[2026-05-25T21:08:36.320Z] GET /api/page-seo
[2026-05-25T21:08:36.331Z] GET /api/page-seo
[2026-05-25T21:08:36.540Z] GET /api/categories
[2026-05-25T21:08:36.550Z] GET /api/posts
[2026-05-25T21:08:36.559Z] GET /api/categories
[2026-05-25T21:08:36.563Z] GET /api/categories
[2026-05-25T21:08:36.567Z] GET /api/categories
[2026-05-25T21:08:36.600Z] GET /api/posts
[2026-05-25T21:08:36.908Z] GET /api/page-seo
[2026-05-25T21:08:36.917Z] GET /api/page-seo
[2026-05-25T21:08:55.189Z] GET /api/page-seo
[2026-05-25T21:08:55.195Z] GET /api/page-seo
[2026-05-25T21:08:55.919Z] GET /api/page-seo
[2026-05-25T21:08:55.924Z] GET /api/page-seo
[2026-05-25T21:08:56.082Z] GET /api/career/jobs
[2026-05-25T21:08:56.086Z] GET /api/career/jobs
[2026-05-25T21:08:56.473Z] GET /api/page-seo
[2026-05-25T21:08:56.477Z] GET /api/page-seo
[2026-05-25T21:08:56.981Z] GET /api/page-seo
[2026-05-25T21:08:56.986Z] GET /api/page-seo
[2026-05-25T21:08:57.431Z] GET /api/page-seo
[2026-05-25T21:08:57.436Z] GET /api/page-seo
[2026-05-25T21:09:15.898Z] GET /api/page-seo
[2026-05-25T21:09:15.904Z] GET /api/page-seo
[2026-05-25T21:09:17.894Z] GET /api/page-seo
[2026-05-25T21:09:17.900Z] GET /api/page-seo
[2026-05-25T21:09:18.527Z] GET /api/page-seo
[2026-05-25T21:09:18.531Z] GET /api/page-seo
[2026-05-25T21:09:18.963Z] GET /api/page-seo
[2026-05-25T21:09:18.969Z] GET /api/page-seo
[2026-05-25T21:09:19.377Z] GET /api/page-seo
[2026-05-25T21:09:19.382Z] GET /api/page-seo
[2026-05-25T21:10:39.005Z] GET /api/page-seo
[2026-05-25T21:10:39.011Z] GET /api/page-seo
[2026-05-25T21:11:37.606Z] GET /api/page-seo
[2026-05-25T21:11:37.612Z] GET /api/page-seo
[2026-05-25T21:15:30.611Z] GET /api/page-seo
[2026-05-25T21:15:30.616Z] GET /api/page-seo
[2026-05-25T21:15:34.661Z] GET /api/page-seo
[2026-05-25T21:15:34.666Z] GET /api/page-seo
[2026-05-25T21:15:38.224Z] GET /api/page-seo
[2026-05-25T21:15:38.232Z] GET /api/page-seo
[2026-05-25T21:15:38.406Z] GET /api/page-seo
[2026-05-25T21:15:38.407Z] GET /api/posts
[2026-05-25T21:15:38.410Z] GET /api/page-seo
[2026-05-25T21:15:38.439Z] GET /api/posts
[2026-05-25T21:15:47.073Z] GET /api/page-seo
[2026-05-25T21:15:47.091Z] GET /api/page-seo
[2026-05-25T21:15:56.272Z] GET /api/page-seo
[2026-05-25T21:15:56.276Z] GET /api/page-seo
[2026-05-25T21:16:11.908Z] GET /api/page-seo
[2026-05-25T21:16:11.913Z] GET /api/page-seo
[2026-05-25T21:16:12.557Z] GET /api/page-seo
[2026-05-25T21:16:12.565Z] GET /api/page-seo
[2026-05-25T21:16:13.026Z] GET /api/page-seo
[2026-05-25T21:16:13.031Z] GET /api/page-seo
[2026-05-25T21:16:13.407Z] GET /api/page-seo
[2026-05-25T21:16:13.411Z] GET /api/page-seo
[2026-05-25T21:16:14.381Z] GET /api/page-seo
[2026-05-25T21:16:14.386Z] GET /api/page-seo
[2026-05-25T21:18:16.849Z] GET /api/page-seo
[2026-05-25T21:18:16.864Z] GET /api/page-seo
[2026-05-25T21:20:00.371Z] GET /api/page-seo
[2026-05-25T21:20:00.377Z] GET /api/page-seo
[2026-05-25T21:20:00.452Z] GET /api/posts
[2026-05-25T21:20:00.493Z] GET /api/posts
[2026-05-25T21:43:42.166Z] GET /api/posts
[2026-05-25T21:43:42.244Z] GET /api/posts
